<?xml version="1.0" encoding="UTF-8"?>
<!-- Generated by org.testng.reporters.JUnitReportReporter -->
<testsuite ignored="0" hostname="DF-1418-01" failures="0" tests="1" name="loginTest.TC_01_CorrectSingUp" time="2.802" errors="0" timestamp="31 Oct 2021 18:31:14 GMT" skipped="0">
  <testcase classname="loginTest.TC_01_CorrectSingUp" name="TC_01" time="2.802"/>
</testsuite> <!-- loginTest.TC_01_CorrectSingUp -->
