<?xml version="1.0" encoding="UTF-8"?>
<!-- Generated by org.testng.reporters.JUnitReportReporter -->
<testsuite ignored="0" hostname="DF-1418-01" failures="0" tests="1" name="loginTest.TC_01_CorrectSingIn" time="2.830" errors="0" timestamp="29 Oct 2021 17:15:24 GMT" skipped="0">
  <testcase classname="loginTest.TC_01_CorrectSingIn" name="TC_01" time="2.830"/>
</testsuite> <!-- loginTest.TC_01_CorrectSingIn -->
